[debug] [2023-11-07T16:15:00.830Z] ----------------------------------------------------------------------
[debug] [2023-11-07T16:15:00.835Z] Command:       C:\Program Files\nodejs\node.exe C:\Users\ADMIN\AppData\Roaming\npm\node_modules\firebase-tools\lib\bin\firebase.js init
[debug] [2023-11-07T16:15:00.836Z] CLI Version:   12.8.0
[debug] [2023-11-07T16:15:00.837Z] Platform:      win32
[debug] [2023-11-07T16:15:00.837Z] Node Version:  v18.17.1
[debug] [2023-11-07T16:15:00.839Z] Time:          Tue Nov 07 2023 17:15:00 GMT+0100 (West Africa Standard Time)
[debug] [2023-11-07T16:15:00.840Z] ----------------------------------------------------------------------
[debug] 
[debug] [2023-11-07T16:15:00.850Z] > command requires scopes: ["email","openid","https://www.googleapis.com/auth/cloudplatformprojects.readonly","https://www.googleapis.com/auth/firebase","https://www.googleapis.com/auth/cloud-platform"]
[debug] [2023-11-07T16:15:00.851Z] > authorizing via signed-in user (geethatcher@gmail.com)
[info] 
     ######## #### ########  ######## ########     ###     ######  ########
     ##        ##  ##     ## ##       ##     ##  ##   ##  ##       ##
     ######    ##  ########  ######   ########  #########  ######  ######
     ##        ##  ##    ##  ##       ##     ## ##     ##       ## ##
     ##       #### ##     ## ######## ########  ##     ##  ######  ########

You're about to initialize a Firebase project in this directory:

  C:\Users\ADMIN\crowd-care

[info] 
=== Project Setup
[info] 
[info] First, let's associate this project directory with a Firebase project.
[info] You can create multiple project aliases by running firebase use --add, 
[info] but for now we'll just set up a default project.
[info] 
[debug] [2023-11-07T16:15:23.048Z] >>> [apiv2][query] GET https://firebase.googleapis.com/v1beta1/projects pageSize=100
[debug] [2023-11-07T16:15:44.251Z] *** [apiv2] error from fetch(https://firebase.googleapis.com/v1beta1/projects?pageSize=100, {"headers":{},"method":"GET","signal":{}}): FetchError: request to https://firebase.googleapis.com/v1beta1/projects?pageSize=100 failed, reason: connect ETIMEDOUT 142.251.47.234:443
[debug] [2023-11-07T16:15:44.251Z] Failed to make request to https://firebase.googleapis.com/v1beta1/projects?pageSize=100
[debug] [2023-11-07T16:15:49.263Z] Error: Timed out.
    at Timeout._onTimeout (C:\Users\ADMIN\AppData\Roaming\npm\node_modules\firebase-tools\lib\utils.js:254:49)
    at listOnTimeout (node:internal/timers:569:17)
    at process.processTimers (node:internal/timers:512:7)
[error] 
[error] Error: An unexpected error has occurred.
[debug] [2023-11-07T16:15:56.894Z] ----------------------------------------------------------------------
[debug] [2023-11-07T16:15:56.898Z] Command:       C:\Program Files\nodejs\node.exe C:\Users\ADMIN\AppData\Roaming\npm\node_modules\firebase-tools\lib\bin\firebase.js init
[debug] [2023-11-07T16:15:56.899Z] CLI Version:   12.8.0
[debug] [2023-11-07T16:15:56.900Z] Platform:      win32
[debug] [2023-11-07T16:15:56.900Z] Node Version:  v18.17.1
[debug] [2023-11-07T16:15:56.901Z] Time:          Tue Nov 07 2023 17:15:56 GMT+0100 (West Africa Standard Time)
[debug] [2023-11-07T16:15:56.901Z] ----------------------------------------------------------------------
[debug] 
[debug] [2023-11-07T16:15:56.910Z] > command requires scopes: ["email","openid","https://www.googleapis.com/auth/cloudplatformprojects.readonly","https://www.googleapis.com/auth/firebase","https://www.googleapis.com/auth/cloud-platform"]
[debug] [2023-11-07T16:15:56.911Z] > authorizing via signed-in user (geethatcher@gmail.com)
[info] 
     ######## #### ########  ######## ########     ###     ######  ########
     ##        ##  ##     ## ##       ##     ##  ##   ##  ##       ##
     ######    ##  ########  ######   ########  #########  ######  ######
     ##        ##  ##    ##  ##       ##     ## ##     ##       ## ##
     ##       #### ##     ## ######## ########  ##     ##  ######  ########

You're about to initialize a Firebase project in this directory:

  C:\Users\ADMIN\crowd-care

[info] 
=== Project Setup
[info] 
[info] First, let's associate this project directory with a Firebase project.
[info] You can create multiple project aliases by running firebase use --add, 
[info] but for now we'll just set up a default project.
[info] 
[debug] [2023-11-07T16:16:55.623Z] >>> [apiv2][query] GET https://firebase.googleapis.com/v1beta1/projects pageSize=100
[debug] [2023-11-07T16:16:56.928Z] <<< [apiv2][status] GET https://firebase.googleapis.com/v1beta1/projects 200
[debug] [2023-11-07T16:16:56.929Z] <<< [apiv2][body] GET https://firebase.googleapis.com/v1beta1/projects [omitted]
[info] i  Using project crowd-care (crowd-care) 
[info] 
=== Database Setup
[info] i  database: ensuring required API firebasedatabase.googleapis.com is enabled... 
[debug] [2023-11-07T16:16:59.331Z] >>> [apiv2][query] GET https://serviceusage.googleapis.com/v1/projects/crowd-care/services/firebasedatabase.googleapis.com [none]
[debug] [2023-11-07T16:16:59.331Z] >>> [apiv2][(partial)header] GET https://serviceusage.googleapis.com/v1/projects/crowd-care/services/firebasedatabase.googleapis.com x-goog-quota-user=projects/crowd-care
[debug] [2023-11-07T16:17:20.561Z] *** [apiv2] error from fetch(https://serviceusage.googleapis.com/v1/projects/crowd-care/services/firebasedatabase.googleapis.com, {"headers":{},"method":"GET"}): FetchError: request to https://serviceusage.googleapis.com/v1/projects/crowd-care/services/firebasedatabase.googleapis.com failed, reason: connect ETIMEDOUT 142.251.47.106:443
[debug] [2023-11-07T16:17:25.582Z] Error: Timed out.
    at Timeout._onTimeout (C:\Users\ADMIN\AppData\Roaming\npm\node_modules\firebase-tools\lib\utils.js:254:49)
    at listOnTimeout (node:internal/timers:569:17)
    at process.processTimers (node:internal/timers:512:7)
[error] 
[error] Error: An unexpected error has occurred.
