[debug] [2023-11-07T21:53:11.975Z] ----------------------------------------------------------------------
[debug] [2023-11-07T21:53:11.978Z] Command:       C:\Program Files\nodejs\node.exe C:\Users\ADMIN\AppData\Roaming\npm\node_modules\firebase-tools\lib\bin\firebase.js init
[debug] [2023-11-07T21:53:11.979Z] CLI Version:   12.8.0
[debug] [2023-11-07T21:53:11.980Z] Platform:      win32
[debug] [2023-11-07T21:53:11.980Z] Node Version:  v18.17.1
[debug] [2023-11-07T21:53:11.981Z] Time:          Tue Nov 07 2023 22:53:11 GMT+0100 (West Africa Standard Time)
[debug] [2023-11-07T21:53:11.982Z] ----------------------------------------------------------------------
[debug] 
[debug] [2023-11-07T21:53:11.993Z] > command requires scopes: ["email","openid","https://www.googleapis.com/auth/cloudplatformprojects.readonly","https://www.googleapis.com/auth/firebase","https://www.googleapis.com/auth/cloud-platform"]
[debug] [2023-11-07T21:53:11.994Z] > authorizing via signed-in user (geethatcher@gmail.com)
[info] 
     ######## #### ########  ######## ########     ###     ######  ########
     ##        ##  ##     ## ##       ##     ##  ##   ##  ##       ##
     ######    ##  ########  ######   ########  #########  ######  ######
     ##        ##  ##    ##  ##       ##     ## ##     ##       ## ##
     ##       #### ##     ## ######## ########  ##     ##  ######  ########

You're about to initialize a Firebase project in this directory:

  C:\Users\ADMIN\crowd-care

[info] 
=== Project Setup
[info] 
[info] First, let's associate this project directory with a Firebase project.
[info] You can create multiple project aliases by running firebase use --add, 
[info] but for now we'll just set up a default project.
[info] 
[debug] [2023-11-07T21:53:29.228Z] >>> [apiv2][query] GET https://firebase.googleapis.com/v1beta1/projects pageSize=100
[debug] [2023-11-07T21:53:33.689Z] <<< [apiv2][status] GET https://firebase.googleapis.com/v1beta1/projects 200
[debug] [2023-11-07T21:53:33.690Z] <<< [apiv2][body] GET https://firebase.googleapis.com/v1beta1/projects [omitted]
[info] i  Using project crowd-care (crowd-care) 
[info] 
=== Database Setup
[info] i  database: ensuring required API firebasedatabase.googleapis.com is enabled... 
[debug] [2023-11-07T21:53:35.448Z] >>> [apiv2][query] GET https://serviceusage.googleapis.com/v1/projects/crowd-care/services/firebasedatabase.googleapis.com [none]
[debug] [2023-11-07T21:53:35.448Z] >>> [apiv2][(partial)header] GET https://serviceusage.googleapis.com/v1/projects/crowd-care/services/firebasedatabase.googleapis.com x-goog-quota-user=projects/crowd-care
[debug] [2023-11-07T21:53:37.749Z] <<< [apiv2][status] GET https://serviceusage.googleapis.com/v1/projects/crowd-care/services/firebasedatabase.googleapis.com 200
[debug] [2023-11-07T21:53:37.749Z] <<< [apiv2][body] GET https://serviceusage.googleapis.com/v1/projects/crowd-care/services/firebasedatabase.googleapis.com [omitted]
[info] +  database: required API firebasedatabase.googleapis.com is enabled 
[info] 
[debug] [2023-11-07T21:53:37.755Z] >>> [apiv2][query] GET https://firebasedatabase.googleapis.com/v1beta/projects/crowd-care/locations/-/instances/crowd-care-default-rtdb [none]
[debug] [2023-11-07T21:53:39.988Z] <<< [apiv2][status] GET https://firebasedatabase.googleapis.com/v1beta/projects/crowd-care/locations/-/instances/crowd-care-default-rtdb 200
[debug] [2023-11-07T21:53:39.989Z] <<< [apiv2][body] GET https://firebasedatabase.googleapis.com/v1beta/projects/crowd-care/locations/-/instances/crowd-care-default-rtdb {"name":"projects/457828323552/locations/us-central1/instances/crowd-care-default-rtdb","project":"projects/457828323552","databaseUrl":"https://crowd-care-default-rtdb.firebaseio.com","type":"DEFAULT_DATABASE","state":"ACTIVE"}
[info] 
[info] Firebase Realtime Database Security Rules allow you to define how your data should be
[info] structured and when your data can be read from and written to.
[info] 
[info] Skipping overwrite of Realtime Database Security Rules.
[info] The security rules defined in database.rules.json will be published when you run firebase deploy.
[info] 
=== Firestore Setup
[debug] [2023-11-07T21:53:58.809Z] >>> [apiv2][query] GET https://serviceusage.googleapis.com/v1/projects/crowd-care/services/firestore.googleapis.com [none]
[debug] [2023-11-07T21:53:58.810Z] >>> [apiv2][(partial)header] GET https://serviceusage.googleapis.com/v1/projects/crowd-care/services/firestore.googleapis.com x-goog-quota-user=projects/crowd-care
[debug] [2023-11-07T21:54:01.255Z] <<< [apiv2][status] GET https://serviceusage.googleapis.com/v1/projects/crowd-care/services/firestore.googleapis.com 200
[debug] [2023-11-07T21:54:01.256Z] <<< [apiv2][body] GET https://serviceusage.googleapis.com/v1/projects/crowd-care/services/firestore.googleapis.com [omitted]
[debug] [2023-11-07T21:54:01.257Z] >>> [apiv2][query] GET https://firestore.googleapis.com/v1/projects/crowd-care/databases/(default) [none]
[debug] [2023-11-07T21:54:03.861Z] <<< [apiv2][status] GET https://firestore.googleapis.com/v1/projects/crowd-care/databases/(default) 200
[debug] [2023-11-07T21:54:03.861Z] <<< [apiv2][body] GET https://firestore.googleapis.com/v1/projects/crowd-care/databases/(default) {"name":"projects/crowd-care/databases/(default)","uid":"9169afad-3f81-4b8a-904f-3c4ac7ba075e","createTime":"2023-11-07T21:52:38.756597Z","updateTime":"2023-11-07T21:52:38.756597Z","locationId":"nam5","type":"FIRESTORE_NATIVE","concurrencyMode":"PESSIMISTIC","versionRetentionPeriod":"3600s","earliestVersionTime":"2023-11-07T21:52:38.756597Z","appEngineIntegrationMode":"DISABLED","keyPrefix":"s","pointInTimeRecoveryEnablement":"POINT_IN_TIME_RECOVERY_DISABLED","deleteProtectionState":"DELETE_PROTECTION_DISABLED","etag":"IKu7+pLwsoIDMPWB++nvsoID"}
[debug] [2023-11-07T21:54:03.861Z] database_type: FIRESTORE_NATIVE
[debug] [2023-11-07T21:54:03.862Z] > command requires scopes: ["email","openid","https://www.googleapis.com/auth/cloudplatformprojects.readonly","https://www.googleapis.com/auth/firebase","https://www.googleapis.com/auth/cloud-platform"]
[debug] [2023-11-07T21:54:03.863Z] > authorizing via signed-in user (geethatcher@gmail.com)
[debug] [2023-11-07T21:54:03.864Z] [iam] checking project crowd-care for permissions ["firebase.projects.get"]
[debug] [2023-11-07T21:54:03.865Z] >>> [apiv2][query] POST https://cloudresourcemanager.googleapis.com/v1/projects/crowd-care:testIamPermissions [none]
[debug] [2023-11-07T21:54:03.866Z] >>> [apiv2][(partial)header] POST https://cloudresourcemanager.googleapis.com/v1/projects/crowd-care:testIamPermissions x-goog-quota-user=projects/crowd-care
[debug] [2023-11-07T21:54:03.866Z] >>> [apiv2][body] POST https://cloudresourcemanager.googleapis.com/v1/projects/crowd-care:testIamPermissions {"permissions":["firebase.projects.get"]}
[debug] [2023-11-07T21:54:06.406Z] <<< [apiv2][status] POST https://cloudresourcemanager.googleapis.com/v1/projects/crowd-care:testIamPermissions 200
[debug] [2023-11-07T21:54:06.406Z] <<< [apiv2][body] POST https://cloudresourcemanager.googleapis.com/v1/projects/crowd-care:testIamPermissions {"permissions":["firebase.projects.get"]}
[info] 
[info] Firestore Security Rules allow you to define how and when to allow
[info] requests. You can keep these rules in your project directory
[info] and publish them with firebase deploy.
[info] 
[debug] [2023-11-07T21:54:24.506Z] >>> [apiv2][query] GET https://firebaserules.googleapis.com/v1/projects/crowd-care/releases pageSize=10&pageToken=
[debug] [2023-11-07T21:54:26.366Z] <<< [apiv2][status] GET https://firebaserules.googleapis.com/v1/projects/crowd-care/releases 200
[debug] [2023-11-07T21:54:26.367Z] <<< [apiv2][body] GET https://firebaserules.googleapis.com/v1/projects/crowd-care/releases {"releases":[{"name":"projects/crowd-care/releases/cloud.firestore","rulesetName":"projects/crowd-care/rulesets/4a4891fe-361e-4ece-92d8-3a19f868a745","createTime":"2023-11-07T21:52:45.492299Z","updateTime":"2023-11-07T21:52:45.492299Z"}]}
[debug] [2023-11-07T21:54:26.367Z] Found ruleset: projects/crowd-care/rulesets/4a4891fe-361e-4ece-92d8-3a19f868a745
[debug] [2023-11-07T21:54:26.369Z] >>> [apiv2][query] GET https://firebaserules.googleapis.com/v1/projects/crowd-care/rulesets/4a4891fe-361e-4ece-92d8-3a19f868a745 [none]
[debug] [2023-11-07T21:54:28.040Z] <<< [apiv2][status] GET https://firebaserules.googleapis.com/v1/projects/crowd-care/rulesets/4a4891fe-361e-4ece-92d8-3a19f868a745 200
[debug] [2023-11-07T21:54:28.041Z] <<< [apiv2][body] GET https://firebaserules.googleapis.com/v1/projects/crowd-care/rulesets/4a4891fe-361e-4ece-92d8-3a19f868a745 [omitted]
[info] 
[info] Firestore indexes allow you to perform complex queries while
[info] maintaining performance that scales with the size of the result
[info] set. You can keep index definitions in your project directory
[info] and publish them with firebase deploy.
[info] 
[debug] [2023-11-07T21:54:41.494Z] >>> [apiv2][query] GET https://firestore.googleapis.com/v1/projects/crowd-care/databases/(default)/collectionGroups/-/indexes [none]
[debug] [2023-11-07T21:54:41.497Z] >>> [apiv2][query] GET https://firestore.googleapis.com/v1/projects/crowd-care/databases/(default)/collectionGroups/-/fields?filter=indexConfig.usesAncestorConfig=false OR ttlConfig:* [none]
[debug] [2023-11-07T21:54:45.007Z] <<< [apiv2][status] GET https://firestore.googleapis.com/v1/projects/crowd-care/databases/(default)/collectionGroups/-/indexes 200
[debug] [2023-11-07T21:54:45.008Z] <<< [apiv2][body] GET https://firestore.googleapis.com/v1/projects/crowd-care/databases/(default)/collectionGroups/-/indexes {}
[debug] [2023-11-07T21:54:45.627Z] <<< [apiv2][status] GET https://firestore.googleapis.com/v1/projects/crowd-care/databases/(default)/collectionGroups/-/fields?filter=indexConfig.usesAncestorConfig=false OR ttlConfig:* 200
[debug] [2023-11-07T21:54:45.628Z] <<< [apiv2][body] GET https://firestore.googleapis.com/v1/projects/crowd-care/databases/(default)/collectionGroups/-/fields?filter=indexConfig.usesAncestorConfig=false OR ttlConfig:* {"fields":[{"name":"projects/crowd-care/databases/(default)/collectionGroups/__default__/fields/*","indexConfig":{"indexes":[{"queryScope":"COLLECTION","fields":[{"fieldPath":"*","order":"ASCENDING"}],"state":"READY"},{"queryScope":"COLLECTION","fields":[{"fieldPath":"*","order":"DESCENDING"}],"state":"READY"},{"queryScope":"COLLECTION","fields":[{"fieldPath":"*","arrayConfig":"CONTAINS"}],"state":"READY"}]}}]}
[info] 
=== Functions Setup
[debug] [2023-11-07T21:54:45.636Z] > command requires scopes: ["email","openid","https://www.googleapis.com/auth/cloudplatformprojects.readonly","https://www.googleapis.com/auth/firebase","https://www.googleapis.com/auth/cloud-platform"]
[debug] [2023-11-07T21:54:45.637Z] > authorizing via signed-in user (geethatcher@gmail.com)
[debug] [2023-11-07T21:54:45.637Z] [iam] checking project crowd-care for permissions ["firebase.projects.get"]
[debug] [2023-11-07T21:54:45.639Z] >>> [apiv2][query] POST https://cloudresourcemanager.googleapis.com/v1/projects/crowd-care:testIamPermissions [none]
[debug] [2023-11-07T21:54:45.640Z] >>> [apiv2][(partial)header] POST https://cloudresourcemanager.googleapis.com/v1/projects/crowd-care:testIamPermissions x-goog-quota-user=projects/crowd-care
[debug] [2023-11-07T21:54:45.640Z] >>> [apiv2][body] POST https://cloudresourcemanager.googleapis.com/v1/projects/crowd-care:testIamPermissions {"permissions":["firebase.projects.get"]}
[debug] [2023-11-07T21:54:46.821Z] <<< [apiv2][status] POST https://cloudresourcemanager.googleapis.com/v1/projects/crowd-care:testIamPermissions 200
[debug] [2023-11-07T21:54:46.822Z] <<< [apiv2][body] POST https://cloudresourcemanager.googleapis.com/v1/projects/crowd-care:testIamPermissions {"permissions":["firebase.projects.get"]}
[debug] [2023-11-07T21:54:46.822Z] >>> [apiv2][query] GET https://serviceusage.googleapis.com/v1/projects/crowd-care/services/cloudfunctions.googleapis.com [none]
[debug] [2023-11-07T21:54:46.823Z] >>> [apiv2][(partial)header] GET https://serviceusage.googleapis.com/v1/projects/crowd-care/services/cloudfunctions.googleapis.com x-goog-quota-user=projects/crowd-care
[debug] [2023-11-07T21:54:46.826Z] >>> [apiv2][query] GET https://serviceusage.googleapis.com/v1/projects/crowd-care/services/runtimeconfig.googleapis.com [none]
[debug] [2023-11-07T21:54:46.827Z] >>> [apiv2][(partial)header] GET https://serviceusage.googleapis.com/v1/projects/crowd-care/services/runtimeconfig.googleapis.com x-goog-quota-user=projects/crowd-care
[debug] [2023-11-07T21:54:48.148Z] <<< [apiv2][status] GET https://serviceusage.googleapis.com/v1/projects/crowd-care/services/cloudfunctions.googleapis.com 200
[debug] [2023-11-07T21:54:48.148Z] <<< [apiv2][body] GET https://serviceusage.googleapis.com/v1/projects/crowd-care/services/cloudfunctions.googleapis.com [omitted]
[debug] [2023-11-07T21:54:48.150Z] >>> [apiv2][query] POST https://serviceusage.googleapis.com/v1/projects/crowd-care/services/cloudfunctions.googleapis.com:enable [none]
[debug] [2023-11-07T21:54:48.150Z] >>> [apiv2][(partial)header] POST https://serviceusage.googleapis.com/v1/projects/crowd-care/services/cloudfunctions.googleapis.com:enable x-goog-quota-user=projects/crowd-care
[debug] [2023-11-07T21:54:49.341Z] <<< [apiv2][status] GET https://serviceusage.googleapis.com/v1/projects/crowd-care/services/runtimeconfig.googleapis.com 200
[debug] [2023-11-07T21:54:49.342Z] <<< [apiv2][body] GET https://serviceusage.googleapis.com/v1/projects/crowd-care/services/runtimeconfig.googleapis.com [omitted]
[debug] [2023-11-07T21:54:51.396Z] <<< [apiv2][status] POST https://serviceusage.googleapis.com/v1/projects/crowd-care/services/cloudfunctions.googleapis.com:enable 200
[debug] [2023-11-07T21:54:51.396Z] <<< [apiv2][body] POST https://serviceusage.googleapis.com/v1/projects/crowd-care/services/cloudfunctions.googleapis.com:enable [omitted]
[debug] [2023-11-07T21:55:01.398Z] >>> [apiv2][query] GET https://serviceusage.googleapis.com/v1/projects/crowd-care/services/cloudfunctions.googleapis.com [none]
[debug] [2023-11-07T21:55:01.398Z] >>> [apiv2][(partial)header] GET https://serviceusage.googleapis.com/v1/projects/crowd-care/services/cloudfunctions.googleapis.com x-goog-quota-user=projects/crowd-care
[debug] [2023-11-07T21:55:03.747Z] <<< [apiv2][status] GET https://serviceusage.googleapis.com/v1/projects/crowd-care/services/cloudfunctions.googleapis.com 200
[debug] [2023-11-07T21:55:03.747Z] <<< [apiv2][body] GET https://serviceusage.googleapis.com/v1/projects/crowd-care/services/cloudfunctions.googleapis.com [omitted]
[info] Let's create a new codebase for your functions.
[info] A directory corresponding to the codebase will be created in your project
[info] with sample code pre-configured.

[info] See https://firebase.google.com/docs/functions/organize-functions for
[info] more information on organizing your functions using codebases.

[info] Functions can be deployed with firebase deploy.

[info] +  Wrote functions/package.json 
[info] +  Wrote functions/index.js 
[info] +  Wrote functions/.gitignore 
[info] 
=== Hosting Setup
[info] 
[info] Your public directory is the folder (relative to your project directory) that
[info] will contain Hosting assets to be uploaded with firebase deploy. If you
[info] have a build process for your assets, use your build's output directory.
[info] 
[debug] [2023-11-07T22:14:31.001Z] >>> [apiv2][query] GET https://www.gstatic.com/firebasejs/releases.json [none]
[debug] [2023-11-07T22:14:33.163Z] <<< [apiv2][status] GET https://www.gstatic.com/firebasejs/releases.json 200
[debug] [2023-11-07T22:14:33.163Z] <<< [apiv2][body] GET https://www.gstatic.com/firebasejs/releases.json {"current":{"version":"10.5.2","browserURL":"https://www.gstatic.com/firebasejs/10.5.2/firebase.js","packageURL":"https://www.gstatic.com/firebasejs/10.5.2/firebase.tgz"},"live":{"version":"10.5","browserURL":"https://www.gstatic.com/firebasejs/live/10.5/firebase.js","packageURL":"https://www.gstatic.com/firebasejs/live/10.5/firebase.tgz"},"components":{"analytics":"https://www.gstatic.com/firebasejs/10.5.2/firebase-analytics.js","app":"https://www.gstatic.com/firebasejs/10.5.2/firebase-app.js","app-check":"https://www.gstatic.com/firebasejs/10.5.2/firebase-app-check.js","auth":"https://www.gstatic.com/firebasejs/10.5.2/firebase-auth.js","auth/cordova":"https://www.gstatic.com/firebasejs/10.5.2/firebase-auth/cordova.js","functions":"https://www.gstatic.com/firebasejs/10.5.2/firebase-functions.js","firestore":"https://www.gstatic.com/firebasejs/10.5.2/firebase-firestore.js","firestore/lite":"https://www.gstatic.com/firebasejs/10.5.2/firebase-firestore/lite.js","installations":"https://www.gstatic.com/firebasejs/10.5.2/firebase-installations.js","storage":"https://www.gstatic.com/firebasejs/10.5.2/firebase-storage.js","performance":"https://www.gstatic.com/firebasejs/10.5.2/firebase-performance.js","remote-config":"https://www.gstatic.com/firebasejs/10.5.2/firebase-remote-config.js","messaging":"https://www.gstatic.com/firebasejs/10.5.2/firebase-messaging.js","messaging/sw":"https://www.gstatic.com/firebasejs/10.5.2/firebase-messaging/sw.js","database":"https://www.gstatic.com/firebasejs/10.5.2/firebase-database.js","firestore.memory":"https://www.gstatic.com/firebasejs/10.5.2/firebase-firestore.memory.js"}}
[info] i  Skipping write of public/index.html 
[info] 
[info] i  Detected a .git folder at C:\Users\ADMIN\crowd-care 
[info] i  Authorizing with GitHub to upload your service account to a GitHub repository's secrets store. 
[info] 
[info] Visit this URL on this device to log in:
[info] https://github.com/login/oauth/authorize?client_id=89cf50f02ac6aaed3484&state=781893175&redirect_uri=http%3A%2F%2Flocalhost%3A9005&scope=read%3Auser%20repo%20public_repo
[info] 
[info] Waiting for authentication...
[debug] [2023-11-07T22:15:54.501Z] >>> [apiv2][query] POST https://github.com/login/oauth/access_token [none]
[debug] [2023-11-07T22:15:54.502Z] >>> [apiv2][body] POST https://github.com/login/oauth/access_token [stream]
[debug] [2023-11-07T22:15:55.506Z] <<< [apiv2][status] POST https://github.com/login/oauth/access_token 200
[debug] [2023-11-07T22:15:55.507Z] <<< [apiv2][body] POST https://github.com/login/oauth/access_token {"access_token":"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","token_type":"bearer","scope":"read:user,repo"}
[debug] [2023-11-07T22:15:55.556Z] >>> [apiv2][query] GET https://api.github.com/user [none]
[debug] [2023-11-07T22:15:56.357Z] <<< [apiv2][status] GET https://api.github.com/user 200
[debug] [2023-11-07T22:15:56.357Z] <<< [apiv2][body] GET https://api.github.com/user {"login":"MsGeeO","id":113802790,"node_id":"U_kgDOBsh-Jg","avatar_url":"https://avatars.githubusercontent.com/u/113802790?v=4","gravatar_id":"","url":"https://api.github.com/users/MsGeeO","html_url":"https://github.com/MsGeeO","followers_url":"https://api.github.com/users/MsGeeO/followers","following_url":"https://api.github.com/users/MsGeeO/following{/other_user}","gists_url":"https://api.github.com/users/MsGeeO/gists{/gist_id}","starred_url":"https://api.github.com/users/MsGeeO/starred{/owner}{/repo}","subscriptions_url":"https://api.github.com/users/MsGeeO/subscriptions","organizations_url":"https://api.github.com/users/MsGeeO/orgs","repos_url":"https://api.github.com/users/MsGeeO/repos","events_url":"https://api.github.com/users/MsGeeO/events{/privacy}","received_events_url":"https://api.github.com/users/MsGeeO/received_events","type":"User","site_admin":false,"name":"Glory (Ada) Ogbondah","company":null,"blog":"","location":null,"email":null,"hireable":true,"bio":"Backend Devop","twitter_username":"geeama","public_repos":27,"public_gists":0,"followers":0,"following":4,"created_at":"2022-09-17T21:03:48Z","updated_at":"2023-10-26T18:19:58Z","private_gists":0,"total_private_repos":0,"owned_private_repos":0,"disk_usage":25625,"collaborators":0,"two_factor_authentication":false,"plan":{"name":"free","space":976562499,"collaborators":0,"private_repos":10000}}
[info] 
[info] +  Success! Logged into GitHub as MsGeeO 
[info] 
